<?xml version="1.0" encoding="UTF-8"?>
<!-- Generated by org.testng.reporters.JUnitReportReporter -->
<testsuite skipped="0" hostname="Shri" name="SimpleGetTest" tests="1" failures="0" timestamp="2019-09-17T17:07:22 EDT" time="10.215" errors="0">
  <testcase name="GetResponseBody" time="10.215" classname="SimpleGetTest"/>
</testsuite> <!-- SimpleGetTest -->
